<?xml version="1.0" encoding="UTF-8"?>
<testsuite xmlns:xsi="http://www.w3.org/2001/XMLSchema-instance" xsi:noNamespaceSchemaLocation="https://maven.apache.org/surefire/maven-surefire-plugin/xsd/surefire-test-report-3.0.xsd" version="3.0" name="paginaDeCinema.TestePersistenciaJPA" time="2.392" tests="1" errors="0" skipped="0" failures="0">
  <properties>
    <property name="java.specification.version" value="21"/>
    <property name="sun.cpu.isalist" value="amd64"/>
    <property name="sun.jnu.encoding" value="Cp1252"/>
    <property name="java.class.path" value="C:\Users\loren\OneDrive\Desktop\facul e estagio\Facul\LPOO\ProjetoLPOOE1_Lorenzo\paginaDeCinema\target\test-classes;C:\Users\loren\OneDrive\Desktop\facul e estagio\Facul\LPOO\ProjetoLPOOE1_Lorenzo\paginaDeCinema\target\classes;C:\Users\loren\.m2\repository\org\hibernate\javax\persistence\hibernate-jpa-2.1-api\1.0.2.Final\hibernate-jpa-2.1-api-1.0.2.Final.jar;C:\Users\loren\.m2\repository\org\hibernate\hibernate-core\5.3.3.Final\hibernate-core-5.3.3.Final.jar;C:\Users\loren\.m2\repository\org\jboss\logging\jboss-logging\3.3.2.Final\jboss-logging-3.3.2.Final.jar;C:\Users\loren\.m2\repository\javax\persistence\javax.persistence-api\2.2\javax.persistence-api-2.2.jar;C:\Users\loren\.m2\repository\org\javassist\javassist\3.23.1-GA\javassist-3.23.1-GA.jar;C:\Users\loren\.m2\repository\net\bytebuddy\byte-buddy\1.8.13\byte-buddy-1.8.13.jar;C:\Users\loren\.m2\repository\antlr\antlr\2.7.7\antlr-2.7.7.jar;C:\Users\loren\.m2\repository\org\jboss\spec\javax\transaction\jboss-transaction-api_1.2_spec\1.1.1.Final\jboss-transaction-api_1.2_spec-1.1.1.Final.jar;C:\Users\loren\.m2\repository\org\jboss\jandex\2.0.5.Final\jandex-2.0.5.Final.jar;C:\Users\loren\.m2\repository\com\fasterxml\classmate\1.3.4\classmate-1.3.4.jar;C:\Users\loren\.m2\repository\javax\activation\javax.activation-api\1.2.0\javax.activation-api-1.2.0.jar;C:\Users\loren\.m2\repository\dom4j\dom4j\1.6.1\dom4j-1.6.1.jar;C:\Users\loren\.m2\repository\org\hibernate\common\hibernate-commons-annotations\5.0.4.Final\hibernate-commons-annotations-5.0.4.Final.jar;C:\Users\loren\.m2\repository\junit\junit\4.11\junit-4.11.jar;C:\Users\loren\.m2\repository\org\hamcrest\hamcrest-core\1.3\hamcrest-core-1.3.jar;C:\Users\loren\.m2\repository\org\postgresql\postgresql\42.2.24\postgresql-42.2.24.jar;C:\Users\loren\.m2\repository\org\checkerframework\checker-qual\3.5.0\checker-qual-3.5.0.jar;C:\Users\loren\.m2\repository\org\hibernate\hibernate-entitymanager\4.3.1.Final\hibernate-entitymanager-4.3.1.Final.jar;C:\Users\loren\.m2\repository\org\jboss\logging\jboss-logging-annotations\1.2.0.Beta1\jboss-logging-annotations-1.2.0.Beta1.jar;C:\Users\loren\.m2\repository\javax\xml\bind\jaxb-api\2.3.0\jaxb-api-2.3.0.jar;"/>
    <property name="java.vm.vendor" value="Oracle Corporation"/>
    <property name="sun.arch.data.model" value="64"/>
    <property name="user.variant" value=""/>
    <property name="java.vendor.url" value="https://java.oracle.com/"/>
    <property name="user.timezone" value="America/Sao_Paulo"/>
    <property name="os.name" value="Windows 11"/>
    <property name="java.vm.specification.version" value="21"/>
    <property name="user.country" value="BR"/>
    <property name="sun.java.launcher" value="SUN_STANDARD"/>
    <property name="sun.boot.library.path" value="C:\Program Files\Java\jdk-21\bin"/>
    <property name="sun.java.command" value="C:\Users\loren\AppData\Local\Temp\surefire11077743094480164138\surefirebooter-20240717105044603_3.jar C:\Users\loren\AppData\Local\Temp\surefire11077743094480164138 2024-07-17T10-50-44_399-jvmRun1 surefire-20240717105044603_1tmp surefire_0-20240717105044603_2tmp"/>
    <property name="jdk.debug" value="release"/>
    <property name="test" value="paginaDeCinema.TestePersistenciaJPA#testPersistenciaCompleta"/>
    <property name="surefire.test.class.path" value="C:\Users\loren\OneDrive\Desktop\facul e estagio\Facul\LPOO\ProjetoLPOOE1_Lorenzo\paginaDeCinema\target\test-classes;C:\Users\loren\OneDrive\Desktop\facul e estagio\Facul\LPOO\ProjetoLPOOE1_Lorenzo\paginaDeCinema\target\classes;C:\Users\loren\.m2\repository\org\hibernate\javax\persistence\hibernate-jpa-2.1-api\1.0.2.Final\hibernate-jpa-2.1-api-1.0.2.Final.jar;C:\Users\loren\.m2\repository\org\hibernate\hibernate-core\5.3.3.Final\hibernate-core-5.3.3.Final.jar;C:\Users\loren\.m2\repository\org\jboss\logging\jboss-logging\3.3.2.Final\jboss-logging-3.3.2.Final.jar;C:\Users\loren\.m2\repository\javax\persistence\javax.persistence-api\2.2\javax.persistence-api-2.2.jar;C:\Users\loren\.m2\repository\org\javassist\javassist\3.23.1-GA\javassist-3.23.1-GA.jar;C:\Users\loren\.m2\repository\net\bytebuddy\byte-buddy\1.8.13\byte-buddy-1.8.13.jar;C:\Users\loren\.m2\repository\antlr\antlr\2.7.7\antlr-2.7.7.jar;C:\Users\loren\.m2\repository\org\jboss\spec\javax\transaction\jboss-transaction-api_1.2_spec\1.1.1.Final\jboss-transaction-api_1.2_spec-1.1.1.Final.jar;C:\Users\loren\.m2\repository\org\jboss\jandex\2.0.5.Final\jandex-2.0.5.Final.jar;C:\Users\loren\.m2\repository\com\fasterxml\classmate\1.3.4\classmate-1.3.4.jar;C:\Users\loren\.m2\repository\javax\activation\javax.activation-api\1.2.0\javax.activation-api-1.2.0.jar;C:\Users\loren\.m2\repository\dom4j\dom4j\1.6.1\dom4j-1.6.1.jar;C:\Users\loren\.m2\repository\org\hibernate\common\hibernate-commons-annotations\5.0.4.Final\hibernate-commons-annotations-5.0.4.Final.jar;C:\Users\loren\.m2\repository\junit\junit\4.11\junit-4.11.jar;C:\Users\loren\.m2\repository\org\hamcrest\hamcrest-core\1.3\hamcrest-core-1.3.jar;C:\Users\loren\.m2\repository\org\postgresql\postgresql\42.2.24\postgresql-42.2.24.jar;C:\Users\loren\.m2\repository\org\checkerframework\checker-qual\3.5.0\checker-qual-3.5.0.jar;C:\Users\loren\.m2\repository\org\hibernate\hibernate-entitymanager\4.3.1.Final\hibernate-entitymanager-4.3.1.Final.jar;C:\Users\loren\.m2\repository\org\jboss\logging\jboss-logging-annotations\1.2.0.Beta1\jboss-logging-annotations-1.2.0.Beta1.jar;C:\Users\loren\.m2\repository\javax\xml\bind\jaxb-api\2.3.0\jaxb-api-2.3.0.jar;"/>
    <property name="sun.cpu.endian" value="little"/>
    <property name="user.home" value="C:\Users\loren"/>
    <property name="user.language" value="pt"/>
    <property name="java.specification.vendor" value="Oracle Corporation"/>
    <property name="java.version.date" value="2024-01-16"/>
    <property name="java.home" value="C:\Program Files\Java\jdk-21"/>
    <property name="file.separator" value="\"/>
    <property name="basedir" value="C:\Users\loren\OneDrive\Desktop\facul e estagio\Facul\LPOO\ProjetoLPOOE1_Lorenzo\paginaDeCinema"/>
    <property name="java.vm.compressedOopsMode" value="Zero based"/>
    <property name="line.separator" value="&#10;"/>
    <property name="java.vm.specification.vendor" value="Oracle Corporation"/>
    <property name="java.specification.name" value="Java Platform API Specification"/>
    <property name="surefire.real.class.path" value="C:\Users\loren\AppData\Local\Temp\surefire11077743094480164138\surefirebooter-20240717105044603_3.jar"/>
    <property name="user.script" value=""/>
    <property name="sun.management.compiler" value="HotSpot 64-Bit Tiered Compilers"/>
    <property name="java.runtime.version" value="21.0.2+13-LTS-58"/>
    <property name="user.name" value="loren"/>
    <property name="stdout.encoding" value="Cp1252"/>
    <property name="path.separator" value=";"/>
    <property name="os.version" value="10.0"/>
    <property name="java.runtime.name" value="Java(TM) SE Runtime Environment"/>
    <property name="file.encoding" value="UTF-8"/>
    <property name="java.vm.name" value="Java HotSpot(TM) 64-Bit Server VM"/>
    <property name="maven.ext.class.path" value="C:\Program Files\NetBeans-21\netbeans\java\maven-nblib\netbeans-eventspy.jar"/>
    <property name="localRepository" value="C:\Users\loren\.m2\repository"/>
    <property name="java.vendor.url.bug" value="https://bugreport.java.com/bugreport/"/>
    <property name="java.io.tmpdir" value="C:\Users\loren\AppData\Local\Temp\"/>
    <property name="java.version" value="21.0.2"/>
    <property name="user.dir" value="C:\Users\loren\OneDrive\Desktop\facul e estagio\Facul\LPOO\ProjetoLPOOE1_Lorenzo\paginaDeCinema"/>
    <property name="os.arch" value="amd64"/>
    <property name="java.vm.specification.name" value="Java Virtual Machine Specification"/>
    <property name="sun.os.patch.level" value=""/>
    <property name="native.encoding" value="Cp1252"/>
    <property name="java.library.path" value="C:\Program Files\Java\jdk-21\bin;C:\Windows\Sun\Java\bin;C:\Windows\system32;C:\Windows;C:\Program Files\Common Files\Oracle\Java\javapath;C:\Program Files (x86)\Common Files\Oracle\Java\javapath;C:\Windows\system32;C:\Windows;C:\Windows\System32\Wbem;C:\Windows\System32\WindowsPowerShell\v1.0\;C:\Windows\System32\OpenSSH\;C:\Program Files\dotnet\;C:\Program Files\Microsoft SQL Server\150\Tools\Binn\;C:\Program Files\Microsoft SQL Server\Client SDK\ODBC\170\Tools\Binn\;C:\Program Files\Git\cmd;C:\Program Files\Docker\Docker\resources\bin;C:\ProgramData\chocolatey\bin;C:\Program Files\Amazon\AWSCLIV2\;C:\Users\loren\AppData\Roaming\nvm;C:\Program Files\nodejs;C:\Users\loren\AppData\Local\Programs\Python\Launcher\;C:\Users\loren\AppData\Local\Microsoft\WindowsApps;C:\Users\loren\.dotnet\tools;C:\Users\loren\AppData\Local\Programs\Microsoft VS Code\bin;C:\Users\loren\AppData\Roaming\npm;C:\Users\loren\AppData\Roaming\nvm;C:\Program Files\nodejs;C:\Program Files\PostgreSQL\16\bin;C:\Users\loren\AppData\Local\slack-cli\bin;C:\Users\loren\.deno\bin;."/>
    <property name="java.vm.info" value="mixed mode, sharing"/>
    <property name="stderr.encoding" value="Cp1252"/>
    <property name="java.vendor" value="Oracle Corporation"/>
    <property name="java.vm.version" value="21.0.2+13-LTS-58"/>
    <property name="sun.io.unicode.encoding" value="UnicodeLittle"/>
    <property name="java.class.version" value="65.0"/>
  </properties>
  <testcase name="testPersistenciaCompleta" classname="paginaDeCinema.TestePersistenciaJPA" time="2.34">
    <system-out><![CDATA[Hibernate: alter table tb_dubles drop constraint FK4ruppgc4d8yyj1ymc6m67bsvr
Hibernate: alter table tb_Filme_Ator drop constraint FK1krywilixh349xyqrjgrmq2to
Hibernate: alter table tb_Filme_Ator drop constraint FK7n83wsed7jg85r41776y43kc2
Hibernate: alter table tb_Filme_Diretor drop constraint FKft47efs96fq24gny462hs1lhu
Hibernate: alter table tb_Filme_Diretor drop constraint FKo7fpulrnss4mglhygkyci1ybp
Hibernate: alter table tb_Filme_Roteirista drop constraint FK6m14uucbqt11ipg1v8fca2icr
Hibernate: alter table tb_Filme_Roteirista drop constraint FKi2sweyr1lpm513leip2kg2x5
Hibernate: drop table if exists tb_atores cascade
Hibernate: drop table if exists tb_diretores cascade
Hibernate: drop table if exists tb_dubles cascade
Hibernate: drop table if exists tb_Filme_Ator cascade
Hibernate: drop table if exists tb_Filme_Diretor cascade
Hibernate: drop table if exists tb_Filme_Roteirista cascade
Hibernate: drop table if exists tb_filmes cascade
Hibernate: drop table if exists tb_roteiristas cascade
Hibernate: create table tb_atores (idAtor  serial not null, nomeAtor varchar(155) not null, sexoAtor varchar(255), primary key (idAtor))
Hibernate: create table tb_diretores (idDiretor  serial not null, nomeDiretor varchar(155) not null, tipoDiretor varchar(255), primary key (idDiretor))
Hibernate: create table tb_dubles (idDuble  serial not null, nomeDuble varchar(155) not null, idAtor int4, primary key (idDuble))
Hibernate: create table tb_Filme_Ator (idFilme int4 not null, idAtor int4 not null)
Hibernate: create table tb_Filme_Diretor (idFilme int4 not null, idDiretor int4 not null)
Hibernate: create table tb_Filme_Roteirista (idFilme int4 not null, idRoteirista int4 not null)
Hibernate: create table tb_filmes (idFilme  serial not null, dataEstreia date not null, nomeFilme varchar(155) not null, notaIMDb float8 not null, primary key (idFilme))
Hibernate: create table tb_roteiristas (idRoteirista  serial not null, nomeRoteirista varchar(155) not null, primary key (idRoteirista))
Hibernate: alter table tb_dubles add constraint FK4ruppgc4d8yyj1ymc6m67bsvr foreign key (idAtor) references tb_atores
Hibernate: alter table tb_Filme_Ator add constraint FK1krywilixh349xyqrjgrmq2to foreign key (idAtor) references tb_atores
Hibernate: alter table tb_Filme_Ator add constraint FK7n83wsed7jg85r41776y43kc2 foreign key (idFilme) references tb_filmes
Hibernate: alter table tb_Filme_Diretor add constraint FKft47efs96fq24gny462hs1lhu foreign key (idDiretor) references tb_diretores
Hibernate: alter table tb_Filme_Diretor add constraint FKo7fpulrnss4mglhygkyci1ybp foreign key (idFilme) references tb_filmes
Hibernate: alter table tb_Filme_Roteirista add constraint FK6m14uucbqt11ipg1v8fca2icr foreign key (idRoteirista) references tb_roteiristas
Hibernate: alter table tb_Filme_Roteirista add constraint FKi2sweyr1lpm513leip2kg2x5 foreign key (idFilme) references tb_filmes
Hibernate: insert into tb_atores (nomeAtor, sexoAtor) values (?, ?)
Hibernate: insert into tb_atores (nomeAtor, sexoAtor) values (?, ?)
Hibernate: insert into tb_atores (nomeAtor, sexoAtor) values (?, ?)
Hibernate: insert into tb_atores (nomeAtor, sexoAtor) values (?, ?)
Hibernate: insert into tb_atores (nomeAtor, sexoAtor) values (?, ?)
Hibernate: insert into tb_diretores (nomeDiretor, tipoDiretor) values (?, ?)
Hibernate: insert into tb_diretores (nomeDiretor, tipoDiretor) values (?, ?)
Hibernate: insert into tb_diretores (nomeDiretor, tipoDiretor) values (?, ?)
Hibernate: insert into tb_diretores (nomeDiretor, tipoDiretor) values (?, ?)
Hibernate: insert into tb_diretores (nomeDiretor, tipoDiretor) values (?, ?)
Hibernate: insert into tb_roteiristas (nomeRoteirista) values (?)
Hibernate: insert into tb_roteiristas (nomeRoteirista) values (?)
Hibernate: insert into tb_roteiristas (nomeRoteirista) values (?)
Hibernate: insert into tb_roteiristas (nomeRoteirista) values (?)
Hibernate: insert into tb_roteiristas (nomeRoteirista) values (?)
Hibernate: insert into tb_dubles (idAtor, nomeDuble) values (?, ?)
Hibernate: insert into tb_dubles (idAtor, nomeDuble) values (?, ?)
Hibernate: insert into tb_dubles (idAtor, nomeDuble) values (?, ?)
Hibernate: insert into tb_dubles (idAtor, nomeDuble) values (?, ?)
Hibernate: insert into tb_dubles (idAtor, nomeDuble) values (?, ?)
Hibernate: insert into tb_filmes (dataEstreia, nomeFilme, notaIMDb) values (?, ?, ?)
Hibernate: insert into tb_Filme_Ator (idFilme, idAtor) values (?, ?)
Hibernate: insert into tb_Filme_Ator (idFilme, idAtor) values (?, ?)
Hibernate: insert into tb_Filme_Diretor (idFilme, idDiretor) values (?, ?)
Hibernate: insert into tb_Filme_Diretor (idFilme, idDiretor) values (?, ?)
Hibernate: insert into tb_Filme_Roteirista (idFilme, idRoteirista) values (?, ?)
Hibernate: insert into tb_filmes (dataEstreia, nomeFilme, notaIMDb) values (?, ?, ?)
Hibernate: insert into tb_Filme_Ator (idFilme, idAtor) values (?, ?)
Hibernate: insert into tb_Filme_Diretor (idFilme, idDiretor) values (?, ?)
Hibernate: insert into tb_Filme_Roteirista (idFilme, idRoteirista) values (?, ?)
Hibernate: insert into tb_Filme_Roteirista (idFilme, idRoteirista) values (?, ?)
Hibernate: insert into tb_Filme_Roteirista (idFilme, idRoteirista) values (?, ?)
Hibernate: insert into tb_filmes (dataEstreia, nomeFilme, notaIMDb) values (?, ?, ?)
Hibernate: insert into tb_Filme_Ator (idFilme, idAtor) values (?, ?)
Hibernate: insert into tb_Filme_Ator (idFilme, idAtor) values (?, ?)
Hibernate: insert into tb_Filme_Diretor (idFilme, idDiretor) values (?, ?)
Hibernate: insert into tb_Filme_Diretor (idFilme, idDiretor) values (?, ?)
Hibernate: insert into tb_Filme_Roteirista (idFilme, idRoteirista) values (?, ?)
Hibernate: insert into tb_Filme_Roteirista (idFilme, idRoteirista) values (?, ?)
Hibernate: insert into tb_filmes (dataEstreia, nomeFilme, notaIMDb) values (?, ?, ?)
Hibernate: insert into tb_Filme_Ator (idFilme, idAtor) values (?, ?)
Hibernate: insert into tb_Filme_Ator (idFilme, idAtor) values (?, ?)
Hibernate: insert into tb_Filme_Diretor (idFilme, idDiretor) values (?, ?)
Hibernate: insert into tb_Filme_Roteirista (idFilme, idRoteirista) values (?, ?)
Hibernate: insert into tb_filmes (dataEstreia, nomeFilme, notaIMDb) values (?, ?, ?)
Hibernate: insert into tb_Filme_Ator (idFilme, idAtor) values (?, ?)
Hibernate: insert into tb_Filme_Diretor (idFilme, idDiretor) values (?, ?)
Hibernate: insert into tb_Filme_Roteirista (idFilme, idRoteirista) values (?, ?)
Dados persistidos com sucesso!
]]></system-out>
    <system-err><![CDATA[jul. 17, 2024 10:50:45 AM org.hibernate.ejb.HibernatePersistence logDeprecation
WARN: HHH015016: Encountered a deprecated javax.persistence.spi.PersistenceProvider [org.hibernate.ejb.HibernatePersistence]; use [org.hibernate.jpa.HibernatePersistenceProvider] instead.
jul. 17, 2024 10:50:45 AM org.hibernate.ejb.HibernatePersistence logDeprecation
WARN: HHH015016: Encountered a deprecated javax.persistence.spi.PersistenceProvider [org.hibernate.ejb.HibernatePersistence]; use [org.hibernate.jpa.HibernatePersistenceProvider] instead.
jul. 17, 2024 10:50:45 AM org.hibernate.jpa.internal.util.LogHelper logPersistenceUnitInformation
INFO: HHH000204: Processing PersistenceUnitInfo [
	name: ProjetoLPOOE1_Lorenzo_paginaDeCinema_jar_1.0PU
	...]
jul. 17, 2024 10:50:45 AM org.hibernate.Version logVersion
INFO: HHH000412: Hibernate Core {5.3.3.Final}
jul. 17, 2024 10:50:45 AM org.hibernate.cfg.Environment <clinit>
INFO: HHH000206: hibernate.properties not found
jul. 17, 2024 10:50:45 AM org.hibernate.annotations.common.reflection.java.JavaReflectionManager <clinit>
INFO: HCANN000001: Hibernate Commons Annotations {5.0.4.Final}
jul. 17, 2024 10:50:45 AM org.hibernate.engine.jdbc.connections.internal.DriverManagerConnectionProviderImpl configure
WARN: HHH10001002: Using Hibernate built-in connection pool (not for production use!)
jul. 17, 2024 10:50:45 AM org.hibernate.engine.jdbc.connections.internal.DriverManagerConnectionProviderImpl buildCreator
INFO: HHH10001005: using driver [org.postgresql.Driver] at URL [jdbc:postgresql://localhost:5432/ProjetoLPOOE1_Lorenzo]
jul. 17, 2024 10:50:45 AM org.hibernate.engine.jdbc.connections.internal.DriverManagerConnectionProviderImpl buildCreator
INFO: HHH10001001: Connection properties: {password=****, user=postgres}
jul. 17, 2024 10:50:45 AM org.hibernate.engine.jdbc.connections.internal.DriverManagerConnectionProviderImpl buildCreator
INFO: HHH10001003: Autocommit mode: false
jul. 17, 2024 10:50:45 AM org.hibernate.engine.jdbc.connections.internal.DriverManagerConnectionProviderImpl$PooledConnections <init>
INFO: HHH000115: Hibernate connection pool size: 20 (min=1)
jul. 17, 2024 10:50:46 AM org.hibernate.dialect.Dialect <init>
INFO: HHH000400: Using dialect: org.hibernate.dialect.PostgreSQLDialect
jul. 17, 2024 10:50:46 AM org.hibernate.engine.jdbc.env.internal.LobCreatorBuilderImpl useContextualLobCreation
INFO: HHH000424: Disabling contextual LOB creation as createClob() method threw error : java.lang.reflect.InvocationTargetException
jul. 17, 2024 10:50:46 AM org.hibernate.type.BasicTypeRegistry register
INFO: HHH000270: Type registration [java.util.UUID] overrides previous : org.hibernate.type.UUIDBinaryType@263f04ca
jul. 17, 2024 10:50:47 AM org.hibernate.resource.transaction.backend.jdbc.internal.DdlTransactionIsolatorNonJtaImpl getIsolatedConnection
INFO: HHH10001501: Connection obtained from JdbcConnectionAccess [org.hibernate.engine.jdbc.env.internal.JdbcEnvironmentInitiator$ConnectionProviderJdbcConnectionAccess@4483d35] for (non-JTA) DDL execution was not in auto-commit mode; the Connection 'local transaction' will be committed and the Connection will be set into auto-commit mode.
jul. 17, 2024 10:50:47 AM org.hibernate.resource.transaction.backend.jdbc.internal.DdlTransactionIsolatorNonJtaImpl getIsolatedConnection
INFO: HHH10001501: Connection obtained from JdbcConnectionAccess [org.hibernate.engine.jdbc.env.internal.JdbcEnvironmentInitiator$ConnectionProviderJdbcConnectionAccess@3a8d467e] for (non-JTA) DDL execution was not in auto-commit mode; the Connection 'local transaction' will be committed and the Connection will be set into auto-commit mode.
jul. 17, 2024 10:50:47 AM org.hibernate.tool.schema.internal.SchemaCreatorImpl applyImportSources
INFO: HHH000476: Executing import script 'org.hibernate.tool.schema.internal.exec.ScriptSourceInputNonExistentImpl@3d19d85'
]]></system-err>
  </testcase>
</testsuite>